
pos: 14,14 | direction: up
coin: 1
pos: 14,13 | direction: up
coin: 1
pos: 14,12 | direction: up
coin: 1
pos: 14,11 | direction: up
coin: 0
pos: 14,11 | direction: left
coin: 1
pos: 13,11 | direction: left
coin: 1
pos: 12,11 | direction: left
coin: 1
pos: 11,11 | direction: left
coin: 1
pos: 10,11 | direction: left
coin: 1
pos: 9,11 | direction: left
coin: 0
pos: 9,11 | direction: up
coin: 1
pos: 9,11 | direction: right
coin: 0
pos: 10,11 | direction: right
coin: 1
pos: 11,11 | direction: right
coin: 1
pos: 12,11 | direction: right
coin: 1
pos: 13,11 | direction: right
coin: 0
pos: 14,11 | direction: right
coin: 0
pos: 15,11 | direction: right
coin: 0
pos: 16,11 | direction: right
coin: 1
pos: 17,11 | direction: right
coin: 1
pos: 18,11 | direction: right
coin: 0
pos: 18,11 | direction: up
coin: 1
pos: 18,11 | direction: right
coin: 1
pos: 18,11 | direction: down
coin: 0
pos: 18,12 | direction: down
coin: 1
pos: 18,13 | direction: down
coin: 1
pos: 18,14 | direction: down
coin: 1
pos: 18,15 | direction: down
coin: 1
pos: 18,16 | direction: down
coin: 1
pos: 18,17 | direction: down
coin: 1
pos: 18,18 | direction: down
coin: 1
pos: 18,19 | direction: down
coin: 1
pos: 18,20 | direction: down
coin: 0
pos: 18,20 | direction: left
coin: 0
pos: 17,20 | direction: left
coin: 0
pos: 16,20 | direction: left
coin: 1
pos: 15,20 | direction: left
coin: 1
pos: 15,20 | direction: down
coin: 1
pos: 15,21 | direction: down
coin: 0
pos: 15,22 | direction: down
coin: 0
pos: 15,23 | direction: down
coin: 1
pos: 15,23 | direction: right
coin: 0
pos: 16,23 | direction: right
coin: 1
pos: 17,23 | direction: right
coin: 1
pos: 18,23 | direction: right
coin: 0
pos: 19,23 | direction: right
coin: 1
pos: 20,23 | direction: right
coin: 1
pos: 21,23 | direction: right
coin: 0
pos: 21,23 | direction: up
coin: 1
pos: 21,22 | direction: up
coin: 0
pos: 21,21 | direction: up
coin: 1
pos: 21,20 | direction: up
coin: 1
pos: 21,19 | direction: up
coin: 1
pos: 21,18 | direction: up
coin: 0
pos: 21,17 | direction: up
coin: 1
pos: 21,16 | direction: up
coin: 1
pos: 21,15 | direction: up
coin: 1
pos: 21,14 | direction: up
coin: 1
pos: 21,13 | direction: up
coin: 0
pos: 21,12 | direction: up
coin: 0
pos: 21,11 | direction: up
coin: 0
pos: 21,10 | direction: up
coin: 1
pos: 21,9 | direction: up
coin: 1
pos: 21,8 | direction: up
coin: 1
pos: 21,7 | direction: up
coin: 0
pos: 21,6 | direction: up
coin: 1
pos: 21,5 | direction: up
coin: 0
pos: 21,4 | direction: up
coin: 1
pos: 21,3 | direction: up
coin: 1
pos: 21,2 | direction: up
coin: 1
pos: 21,1 | direction: up
coin: 1
pos: 21,1 | direction: right
coin: 1
pos: 22,1 | direction: right
coin: 0
pos: 23,1 | direction: right
coin: 0
pos: 24,1 | direction: right
coin: 0
pos: 25,1 | direction: right
coin: 0
pos: 26,1 | direction: right
coin: 1
pos: 26,1 | direction: down
coin: 0
pos: 26,2 | direction: down
coin: 1
pos: 26,3 | direction: down
coin: 1
pos: 26,4 | direction: down
coin: 1
pos: 26,5 | direction: down
coin: 0
pos: 26,6 | direction: down
coin: 1
pos: 26,7 | direction: down
coin: 1
pos: 26,8 | direction: down
coin: 0
pos: 26,8 | direction: left
coin: 1
pos: 25,8 | direction: left
coin: 0
pos: 24,8 | direction: left
coin: 0
pos: 23,8 | direction: left
coin: 0
pos: 22,8 | direction: left
coin: 0
pos: 21,8 | direction: left
coin: 1
pos: 21,8 | direction: down
coin: 1
pos: 21,9 | direction: down
coin: 0
pos: 21,10 | direction: down
coin: 0
pos: 21,11 | direction: down
coin: 0
pos: 21,12 | direction: down
coin: 0
pos: 21,13 | direction: down
coin: 1
pos: 21,14 | direction: down
coin: 0
pos: 21,15 | direction: down
coin: 0
pos: 21,16 | direction: down
coin: 0
pos: 21,17 | direction: down
coin: 1
pos: 21,18 | direction: down
coin: 1
pos: 21,19 | direction: down
coin: 0
pos: 21,20 | direction: down
coin: 1
pos: 21,21 | direction: down
coin: 0
pos: 21,22 | direction: down
coin: 1
pos: 21,23 | direction: down
coin: 0
pos: 21,24 | direction: down
coin: 1
pos: 21,25 | direction: down
coin: 1
pos: 21,26 | direction: down
coin: 1
pos: 21,26 | direction: right
coin: 0
pos: 22,26 | direction: right
coin: 0
pos: 23,26 | direction: right
coin: 0
pos: 24,26 | direction: right
coin: 0
pos: 25,26 | direction: right
coin: 0
pos: 26,26 | direction: right
coin: 0
pos: 26,26 | direction: up
coin: 1
pos: 26,26 | direction: right
coin: 1
pos: 26,26 | direction: down
coin: 1
pos: 26,27 | direction: down
coin: 1
pos: 26,28 | direction: down
coin: 0
pos: 26,29 | direction: down
coin: 0
pos: 26,29 | direction: left
coin: 1
pos: 25,29 | direction: left
coin: 1
pos: 24,29 | direction: left
coin: 1
pos: 23,29 | direction: left
coin: 1
pos: 22,29 | direction: left
coin: 0
pos: 21,29 | direction: left
coin: 1
pos: 20,29 | direction: left
coin: 1
pos: 19,29 | direction: left
coin: 0
pos: 18,29 | direction: left
coin: 1
pos: 17,29 | direction: left
coin: 0
pos: 16,29 | direction: left
coin: 0
pos: 15,29 | direction: left
coin: 0
pos: 14,29 | direction: left
coin: 0
pos: 13,29 | direction: left
coin: 1
pos: 12,29 | direction: left
coin: 1
pos: 11,29 | direction: left
coin: 0
pos: 10,29 | direction: left
coin: 1
pos: 9,29 | direction: left
coin: 1
pos: 8,29 | direction: left
coin: 0
pos: 7,29 | direction: left
coin: 0
pos: 6,29 | direction: left
coin: 1
pos: 5,29 | direction: left
coin: 1
pos: 4,29 | direction: left
coin: 0
pos: 3,29 | direction: left
coin: 0
pos: 2,29 | direction: left
coin: 0
pos: 1,29 | direction: left
coin: 1
pos: 1,29 | direction: down
coin: 1
pos: 1,29 | direction: right
coin: 0
pos: 2,29 | direction: right
coin: 1
pos: 3,29 | direction: right
coin: 0
pos: 4,29 | direction: right
coin: 1
pos: 5,29 | direction: right
coin: 0
pos: 6,29 | direction: right
coin: 0
pos: 7,29 | direction: right
coin: 0
pos: 8,29 | direction: right
coin: 0
pos: 9,29 | direction: right
coin: 0
pos: 10,29 | direction: right
coin: 0
pos: 11,29 | direction: right
coin: 0
pos: 12,29 | direction: right
coin: 1
pos: 13,29 | direction: right
coin: 1
pos: 14,29 | direction: right
coin: 1
pos: 15,29 | direction: right
coin: 0
pos: 16,29 | direction: right
coin: 1
pos: 17,29 | direction: right
coin: 0
pos: 18,29 | direction: right
coin: 1
pos: 19,29 | direction: right
coin: 0
pos: 20,29 | direction: right
coin: 1
pos: 21,29 | direction: right
coin: 0
pos: 22,29 | direction: right
coin: 0
pos: 23,29 | direction: right
coin: 1
pos: 24,29 | direction: right
coin: 0
pos: 25,29 | direction: right
coin: 1
pos: 26,29 | direction: right
coin: 1
pos: 26,29 | direction: down
coin: 1
pos: 26,29 | direction: right
coin: 1
pos: 26,29 | direction: down
coin: 1
pos: 26,29 | direction: right
coin: 0
pos: 26,29 | direction: up
coin: 0
pos: 26,28 | direction: up
coin: 1
pos: 26,27 | direction: up
coin: 0
pos: 26,26 | direction: up
coin: 1
pos: 26,26 | direction: right
coin: 1
pos: 26,26 | direction: down
coin: 1
pos: 26,27 | direction: down
coin: 0
pos: 26,28 | direction: down
coin: 0
pos: 26,29 | direction: down
coin: 1
pos: 26,29 | direction: right
coin: 1
pos: 26,29 | direction: down
coin: 1
pos: 26,29 | direction: right
coin: 1
pos: 26,29 | direction: down
coin: 1
pos: 26,29 | direction: right
coin: 1
pos: 26,29 | direction: down
coin: 1
pos: 26,29 | direction: right
coin: 1
pos: 26,29 | direction: down
coin: 1
pos: 26,29 | direction: right
coin: 1
pos: 26,29 | direction: down
coin: 1
pos: 26,29 | direction: right
coin: 0
pos: 26,29 | direction: up
coin: 1
pos: 26,28 | direction: up
coin: 1
pos: 26,27 | direction: up
coin: 1
pos: 26,26 | direction: up
coin: 1
pos: 26,26 | direction: right
coin: 0
pos: 26,26 | direction: up
coin: 0
pos: 26,26 | direction: left
coin: 0
pos: 25,26 | direction: left
coin: 1
pos: 24,26 | direction: left
coin: 1
pos: 23,26 | direction: left
coin: 0
pos: 22,26 | direction: left
coin: 0
pos: 21,26 | direction: left
coin: 1
pos: 21,26 | direction: down
coin: 1
pos: 21,26 | direction: right
coin: 0
pos: 22,26 | direction: right
coin: 0
pos: 23,26 | direction: right
coin: 1
pos: 24,26 | direction: right
coin: 1
pos: 25,26 | direction: right
coin: 1
pos: 26,26 | direction: right
coin: 1
pos: 26,26 | direction: down
coin: 1
pos: 26,27 | direction: down
coin: 0
pos: 26,28 | direction: down
coin: 0
pos: 26,29 | direction: down
coin: 1
pos: 26,29 | direction: right
coin: 0
pos: 26,29 | direction: up
coin: 0
pos: 26,28 | direction: up
coin: 0
pos: 26,27 | direction: up
coin: 0
pos: 26,26 | direction: up
coin: 0
pos: 26,26 | direction: left
coin: 0
pos: 25,26 | direction: left
coin: 1
pos: 24,26 | direction: left
coin: 1
pos: 23,26 | direction: left
coin: 1
pos: 22,26 | direction: left
coin: 1
pos: 21,26 | direction: left
coin: 1
pos: 21,26 | direction: down
coin: 0
pos: 21,26 | direction: left
coin: 0
pos: 21,26 | direction: up
coin: 1
pos: 21,25 | direction: up
coin: 1
pos: 21,24 | direction: up
coin: 0
pos: 21,23 | direction: up
coin: 1
pos: 21,22 | direction: up
coin: 1
pos: 21,21 | direction: up
coin: 1
pos: 21,20 | direction: up
coin: 1
pos: 21,19 | direction: up
coin: 0
pos: 21,18 | direction: up
coin: 1
pos: 21,17 | direction: up
coin: 1
pos: 21,16 | direction: up
coin: 1
pos: 21,15 | direction: up
coin: 0
pos: 21,14 | direction: up
coin: 0
pos: 21,13 | direction: up
coin: 1
pos: 21,12 | direction: up
coin: 1
pos: 21,11 | direction: up
coin: 0
pos: 21,10 | direction: up
coin: 0
pos: 21,9 | direction: up
coin: 0
pos: 21,8 | direction: up
coin: 0
pos: 21,7 | direction: up
coin: 0
pos: 21,6 | direction: up
coin: 1
pos: 21,5 | direction: up
coin: 1
pos: 21,4 | direction: up
coin: 0
pos: 21,3 | direction: up
coin: 0
pos: 21,2 | direction: up
coin: 1
pos: 21,1 | direction: up
coin: 0
pos: 21,1 | direction: left
coin: 0
pos: 20,1 | direction: left
coin: 0
pos: 19,1 | direction: left
coin: 1
pos: 18,1 | direction: left
coin: 0
pos: 17,1 | direction: left
coin: 1
pos: 16,1 | direction: left
coin: 1
pos: 15,1 | direction: left
coin: 1
pos: 15,1 | direction: down
coin: 1
pos: 15,2 | direction: down
coin: 0
pos: 15,3 | direction: down
coin: 1
pos: 15,4 | direction: down
coin: 1
pos: 15,5 | direction: down
coin: 0
pos: 15,5 | direction: left
coin: 0
pos: 14,5 | direction: left
coin: 1
pos: 13,5 | direction: left
coin: 0
pos: 12,5 | direction: left
coin: 1
pos: 11,5 | direction: left
coin: 0
pos: 10,5 | direction: left
coin: 1
pos: 9,5 | direction: left
coin: 0
pos: 8,5 | direction: left
coin: 1
pos: 7,5 | direction: left
coin: 0
pos: 6,5 | direction: left
coin: 1
pos: 5,5 | direction: left
coin: 0
pos: 4,5 | direction: left
coin: 0
pos: 3,5 | direction: left
coin: 0
pos: 2,5 | direction: left
coin: 1
pos: 1,5 | direction: left
coin: 1
pos: 1,5 | direction: down
coin: 0
pos: 1,6 | direction: down
coin: 0
pos: 1,7 | direction: down
coin: 1
pos: 1,8 | direction: down
coin: 0
pos: 1,8 | direction: left
coin: 0
pos: 1,8 | direction: up
coin: 1
pos: 1,7 | direction: up
coin: 1
pos: 1,6 | direction: up
coin: 1
pos: 1,5 | direction: up
coin: 1
pos: 1,4 | direction: up
coin: 0
pos: 1,3 | direction: up
coin: 0
pos: 1,2 | direction: up
coin: 0
pos: 1,1 | direction: up
coin: 1
pos: 1,1 | direction: right
coin: 0
pos: 2,1 | direction: right
coin: 0
pos: 3,1 | direction: right
coin: 0
pos: 4,1 | direction: right
coin: 0
pos: 5,1 | direction: right
coin: 1
pos: 6,1 | direction: right
coin: 1
pos: 7,1 | direction: right
coin: 1
pos: 8,1 | direction: right
coin: 1
pos: 9,1 | direction: right
coin: 0
pos: 10,1 | direction: right
coin: 0
pos: 11,1 | direction: right
coin: 0
pos: 12,1 | direction: right
coin: 0
pos: 12,1 | direction: up
coin: 0
pos: 12,1 | direction: left
coin: 0
pos: 11,1 | direction: left
coin: 1
pos: 10,1 | direction: left
coin: 0
pos: 9,1 | direction: left
coin: 0
pos: 8,1 | direction: left
coin: 1
pos: 7,1 | direction: left
coin: 0
pos: 6,1 | direction: left
coin: 0
pos: 5,1 | direction: left
coin: 1
pos: 4,1 | direction: left
coin: 0
pos: 3,1 | direction: left
coin: 0
pos: 2,1 | direction: left
coin: 0
pos: 1,1 | direction: left
coin: 1
pos: 1,1 | direction: down
coin: 0
pos: 1,2 | direction: down
coin: 0
pos: 1,3 | direction: down
coin: 0
pos: 1,4 | direction: down
coin: 0
pos: 1,5 | direction: down
coin: 1
pos: 1,6 | direction: down
coin: 0
pos: 1,7 | direction: down
coin: 0
pos: 1,8 | direction: down
coin: 1
pos: 1,8 | direction: right
coin: 1
pos: 2,8 | direction: right
coin: 0
pos: 3,8 | direction: right
coin: 1
pos: 4,8 | direction: right
coin: 1
pos: 5,8 | direction: right
coin: 0
pos: 6,8 | direction: right
coin: 1
pos: 6,8 | direction: down
coin: 0
pos: 6,9 | direction: down
coin: 1
pos: 6,10 | direction: down
coin: 1
pos: 6,11 | direction: down
coin: 1
pos: 6,12 | direction: down
coin: 0
pos: 6,13 | direction: down
coin: 0
pos: 6,14 | direction: down
coin: 1
pos: 6,15 | direction: down
coin: 1
pos: 6,16 | direction: down
coin: 1
pos: 6,17 | direction: down
coin: 1
pos: 6,18 | direction: down
coin: 1
pos: 6,19 | direction: down
coin: 0
pos: 6,20 | direction: down
coin: 0
pos: 6,21 | direction: down
coin: 0
pos: 6,22 | direction: down
coin: 0
pos: 6,23 | direction: down
coin: 1
pos: 6,24 | direction: down
coin: 1
pos: 6,25 | direction: down
coin: 1
pos: 6,26 | direction: down
coin: 1
pos: 6,26 | direction: right
coin: 0
pos: 6,26 | direction: up
coin: 1
pos: 6,25 | direction: up
coin: 1
pos: 6,24 | direction: up
coin: 0
pos: 6,23 | direction: up
coin: 0
pos: 6,22 | direction: up
coin: 1
pos: 6,21 | direction: up
coin: 1
pos: 6,20 | direction: up
coin: 1
pos: 6,19 | direction: up
coin: 1
pos: 6,18 | direction: up
coin: 1
pos: 6,17 | direction: up
coin: 0
pos: 6,16 | direction: up
coin: 0
pos: 6,15 | direction: up
coin: 1
pos: 6,14 | direction: up
coin: 1
pos: 6,13 | direction: up
coin: 0
pos: 6,12 | direction: up
coin: 0
pos: 6,11 | direction: up
coin: 1
pos: 6,10 | direction: up
coin: 1
pos: 6,9 | direction: up
coin: 0
pos: 6,8 | direction: up
coin: 1
pos: 6,7 | direction: up
coin: 0
pos: 6,6 | direction: up
coin: 0
pos: 6,5 | direction: up
coin: 0
pos: 6,4 | direction: up
coin: 0
pos: 6,3 | direction: up
coin: 1
pos: 6,2 | direction: up
coin: 1
pos: 6,1 | direction: up
coin: 1
pos: 6,1 | direction: right
coin: 0
pos: 7,1 | direction: right
coin: 1
pos: 8,1 | direction: right
coin: 1
pos: 9,1 | direction: right
coin: 1
pos: 10,1 | direction: right
coin: 1
pos: 11,1 | direction: right
coin: 0
pos: 12,1 | direction: right
coin: 1
pos: 12,1 | direction: down
coin: 1
pos: 12,2 | direction: down
coin: 1
pos: 12,3 | direction: down
coin: 1
pos: 12,4 | direction: down
coin: 1
pos: 12,5 | direction: down
coin: 1
pos: 12,5 | direction: right
coin: 0
pos: 13,5 | direction: right
coin: 1
pos: 14,5 | direction: right
coin: 1
pos: 15,5 | direction: right
coin: 0
pos: 16,5 | direction: right
coin: 1
pos: 17,5 | direction: right
coin: 1
pos: 18,5 | direction: right
coin: 1
pos: 19,5 | direction: right
coin: 1
pos: 20,5 | direction: right
coin: 1
pos: 21,5 | direction: right
coin: 0
pos: 22,5 | direction: right
coin: 0
pos: 23,5 | direction: right
coin: 1
pos: 24,5 | direction: right
coin: 0
pos: 25,5 | direction: right
coin: 1
pos: 26,5 | direction: right
coin: 0
pos: 26,5 | direction: up
coin: 1
pos: 26,4 | direction: up
coin: 1
pos: 26,3 | direction: up
coin: 0
pos: 26,2 | direction: up
coin: 1
pos: 26,1 | direction: up
coin: 0
pos: 26,1 | direction: left
coin: 0
pos: 25,1 | direction: left
coin: 1
pos: 24,1 | direction: left
coin: 0
pos: 23,1 | direction: left
coin: 1
pos: 22,1 | direction: left
coin: 0
pos: 21,1 | direction: left
coin: 0
pos: 20,1 | direction: left
coin: 0
pos: 19,1 | direction: left
coin: 0
pos: 18,1 | direction: left
coin: 1
pos: 17,1 | direction: left
coin: 0
pos: 16,1 | direction: left
coin: 0
pos: 15,1 | direction: left
coin: 0
pos: 15,1 | direction: up
coin: 1
pos: 15,1 | direction: right
coin: 0
pos: 16,1 | direction: right
coin: 1
pos: 17,1 | direction: right
coin: 0
pos: 18,1 | direction: right
coin: 0
pos: 19,1 | direction: right
coin: 0
pos: 20,1 | direction: right
coin: 1
pos: 21,1 | direction: right
coin: 0
pos: 22,1 | direction: right
coin: 0
pos: 23,1 | direction: right
coin: 1
pos: 24,1 | direction: right
coin: 1
pos: 25,1 | direction: right
coin: 0
pos: 26,1 | direction: right
coin: 0
pos: 26,1 | direction: up
coin: 0
pos: 26,1 | direction: left
coin: 0
pos: 25,1 | direction: left
coin: 1
pos: 24,1 | direction: left
coin: 1
pos: 23,1 | direction: left
coin: 0
pos: 22,1 | direction: left
coin: 1
pos: 21,1 | direction: left
coin: 0
pos: 20,1 | direction: left
coin: 0
pos: 19,1 | direction: left
coin: 0
pos: 18,1 | direction: left
coin: 1
pos: 17,1 | direction: left
coin: 1
pos: 16,1 | direction: left
coin: 1
pos: 15,1 | direction: left
coin: 0
pos: 15,1 | direction: up
coin: 0
pos: 15,1 | direction: left
coin: 0
pos: 15,1 | direction: up
coin: 1
pos: 15,1 | direction: right
coin: 1
pos: 16,1 | direction: right
coin: 0
pos: 17,1 | direction: right
coin: 0
pos: 18,1 | direction: right
coin: 1
pos: 19,1 | direction: right
coin: 0
pos: 20,1 | direction: right
coin: 1
pos: 21,1 | direction: right
coin: 0
pos: 22,1 | direction: right
coin: 1
pos: 23,1 | direction: right
coin: 1
pos: 24,1 | direction: right
coin: 1
pos: 25,1 | direction: right
coin: 0
pos: 26,1 | direction: right
coin: 0
pos: 26,1 | direction: up
coin: 1
pos: 26,1 | direction: right
coin: 1
pos: 26,1 | direction: down
coin: 0
pos: 26,2 | direction: down
coin: 1
pos: 26,3 | direction: down
coin: 0
pos: 26,4 | direction: down
coin: 0
pos: 26,5 | direction: down
coin: 0
pos: 26,6 | direction: down
coin: 1
pos: 26,7 | direction: down
coin: 1
pos: 26,8 | direction: down
coin: 0
pos: 26,8 | direction: left
coin: 0
pos: 25,8 | direction: left
coin: 1
pos: 24,8 | direction: left
coin: 0
pos: 23,8 | direction: left
coin: 0
pos: 22,8 | direction: left
coin: 1
pos: 21,8 | direction: left
coin: 0
pos: 21,8 | direction: up
coin: 1
pos: 21,7 | direction: up
coin: 1
pos: 21,6 | direction: up
coin: 1
pos: 21,5 | direction: up
coin: 1
pos: 21,4 | direction: up
coin: 0
pos: 21,3 | direction: up
coin: 0
pos: 21,2 | direction: up
coin: 1
pos: 21,1 | direction: up
coin: 0
pos: 21,1 | direction: left
coin: 1
pos: 20,1 | direction: left
coin: 1
pos: 19,1 | direction: left
coin: 1
pos: 18,1 | direction: left
coin: 1
pos: 17,1 | direction: left
coin: 0
pos: 16,1 | direction: left
coin: 0
pos: 15,1 | direction: left
coin: 0
pos: 15,1 | direction: up
coin: 1
pos: 15,1 | direction: right
coin: 1
pos: 16,1 | direction: right
coin: 0
pos: 17,1 | direction: right
coin: 0
pos: 18,1 | direction: right
coin: 0
pos: 19,1 | direction: right
coin: 1
pos: 20,1 | direction: right
coin: 1
pos: 21,1 | direction: right
coin: 0
pos: 22,1 | direction: right
coin: 0
pos: 23,1 | direction: right
coin: 0
pos: 24,1 | direction: right
coin: 0
pos: 25,1 | direction: right
coin: 1
pos: 26,1 | direction: right
coin: 0
pos: 26,1 | direction: up
coin: 0
pos: 26,1 | direction: left
coin: 1
pos: 25,1 | direction: left
coin: 0
pos: 24,1 | direction: left
coin: 0
pos: 23,1 | direction: left
coin: 0
pos: 22,1 | direction: left
coin: 1
pos: 21,1 | direction: left
coin: 0
pos: 20,1 | direction: left
coin: 0
pos: 19,1 | direction: left
coin: 1
pos: 18,1 | direction: left
coin: 0
pos: 17,1 | direction: left
coin: 1
pos: 16,1 | direction: left
coin: 0
pos: 15,1 | direction: left
coin: 1
pos: 15,1 | direction: down
coin: 1
pos: 15,2 | direction: down
coin: 1
pos: 15,3 | direction: down
coin: 1
pos: 15,4 | direction: down
coin: 1
pos: 15,5 | direction: down
coin: 1
pos: 15,5 | direction: right
coin: 1
pos: 16,5 | direction: right
coin: 1
pos: 17,5 | direction: right
coin: 1
pos: 18,5 | direction: right
coin: 0
pos: 19,5 | direction: right
coin: 0
pos: 20,5 | direction: right
coin: 1
pos: 21,5 | direction: right
coin: 1
pos: 22,5 | direction: right
coin: 0
